<?xml version="1.0" encoding="UTF-8"?>
<!-- Generated by org.testng.reporters.JUnitReportReporter -->
<testsuite hostname="DESKTOP-LQ68N5A" failures="0" tests="1" name="testCases.TC_001_CreateAnAccount" time="1.878" errors="0" timestamp="2024-02-06T11:34:17 IST" skipped="0">
  <testcase classname="testCases.TC_001_CreateAnAccount" name="CreateNewAccount" time="1.878"/>
  <system-out/>
</testsuite> <!-- testCases.TC_001_CreateAnAccount -->
